2026/04/20 06:10:35 [m1] starting: workload=simpleconvolution regionSize=64 seed=42 windowCycles=100000
Monitoring simulation with http://localhost:33343
Build Timing Platform
[MMU Builder]	MMU built with PageMigrationPolicy=0
[Driver Builder]	Driver built with PageMigrationPolicy=0
[r9nano Builder]	Creating GPU Builder with log2CacheLineSize 6, log2PageSize 12 coherenceDirectory 0.

Create GPU 1
[Directory]	Build new coherence directory: 1024 sets, 8 ways, 8192 entries
[GMMU Builder]	GPU 1 GMMU built with PageMigrationPolicy=0

Create GPU 2
[Directory]	Build new coherence directory: 1024 sets, 8 ways, 8192 entries
[GMMU Builder]	GPU 2 GMMU built with PageMigrationPolicy=0

Create GPU 3
[Directory]	Build new coherence directory: 1024 sets, 8 ways, 8192 entries
[GMMU Builder]	GPU 3 GMMU built with PageMigrationPolicy=0

Create GPU 4
[Directory]	Build new coherence directory: 1024 sets, 8 ways, 8192 entries
[GMMU Builder]	GPU 4 GMMU built with PageMigrationPolicy=0
2026/04/20 06:10:36 /root/mgpusim_home/mgpusim/cmd/m1/runner.go:79: [m1] R=64: L2Adapter×64 CUAdapter×256 windowCycles=100000
[MemoryAllocator]	1056784 Byte Request
			Allocating 259 pages for pid 1 on device 1
[MemoryAllocator]	1048576 Byte Request
			Allocating 256 pages for pid 1 on device 1
[MemoryAllocator]	36 Byte Request
			Allocating 1 pages for pid 1 on device 1
[Driver DEBUF 1]	queue len: 1, 2ndQueue len: 0
[Driver DEBUF 3]	queue len: 1, 2ndQueue len: 0
[Driver DEBUF 4]	queue len: 1, 2ndQueue len: 0
[Driver.MemCpy]	Append awaitingReqs to requestsToSend
[Driver] Processing MemCopyH2DCommand
[Driver.MemCpy]	Append awaitingReqs to requestsToSend
[CP 1]	Received MemCopyH2DReq
		Send request to DMA
[GPU[1].DMA]	Received MemCopyH2DReq
[Warning]	No More Event: 0 0
[Driver DEBUF 5]	Engine stops running
[MemoryAllocator]	36 Byte Request
			Allocating 1 pages for pid 1 on device 2
[Driver DEBUF 1]	queue len: 1, 2ndQueue len: 0
[Driver DEBUF 3]	queue len: 1, 2ndQueue len: 0
[Driver DEBUF 4]	queue len: 1, 2ndQueue len: 0
[Driver] Processing MemCopyH2DCommand
[Driver.MemCpy]	Append awaitingReqs to requestsToSend
[CP 2]	Received MemCopyH2DReq
		Send request to DMA
[GPU[2].DMA]	Received MemCopyH2DReq
[Warning]	No More Event: 0 0
[Driver DEBUF 5]	Engine stops running
[MemoryAllocator]	36 Byte Request
			Allocating 1 pages for pid 1 on device 3
[Driver DEBUF 1]	queue len: 1, 2ndQueue len: 0
[Driver DEBUF 3]	queue len: 1, 2ndQueue len: 0
[Driver DEBUF 4]	queue len: 1, 2ndQueue len: 0
[Driver] Processing MemCopyH2DCommand
[Driver.MemCpy]	Append awaitingReqs to requestsToSend
[CP 3]	Received MemCopyH2DReq
		Send request to DMA
[GPU[3].DMA]	Received MemCopyH2DReq
[Warning]	No More Event: 0 0
[Driver DEBUF 5]	Engine stops running
[MemoryAllocator]	36 Byte Request
			Allocating 1 pages for pid 1 on device 4
[Driver DEBUF 1]	queue len: 1, 2ndQueue len: 0
[Driver DEBUF 3]	queue len: 1, 2ndQueue len: 0
[Driver DEBUF 4]	queue len: 1, 2ndQueue len: 0
[Driver] Processing MemCopyH2DCommand
[Driver.MemCpy]	Append awaitingReqs to requestsToSend
[CP 4]	Received MemCopyH2DReq
		Send request to DMA
[GPU[4].DMA]	Received MemCopyH2DReq
[Warning]	No More Event: 0 0
[Driver DEBUF 5]	Engine stops running
[Driver DEBUF 1]	queue len: 1, 2ndQueue len: 0
[Driver DEBUF 3]	queue len: 1, 2ndQueue len: 0
[Driver DEBUF 4]	queue len: 1, 2ndQueue len: 0
[Driver] Processing MemCopyH2DCommand
[Driver.MemCpy]	Append awaitingReqs to requestsToSend
[CP 1]	Received MemCopyH2DReq
		Send request to DMA
[GPU[1].DMA]	Received MemCopyH2DReq
[CP 1]	Received MemCopyH2DReq
		Send request to DMA
[GPU[1].DMA]	Received MemCopyH2DReq
[CP 1]	Received MemCopyH2DReq
		Send request to DMA
[GPU[1].DMA]	Received MemCopyH2DReq
[CP 1]	Received MemCopyH2DReq
		Send request to DMA
[GPU[1].DMA]	Received MemCopyH2DReq
[CP 1]	Received MemCopyH2DReq
		Send request to DMA
[GPU[1].DMA]	Received MemCopyH2DReq
[CP 1]	Received MemCopyH2DReq
		Send request to DMA
[GPU[1].DMA]	Received MemCopyH2DReq
[CP 1]	Received MemCopyH2DReq
		Send request to DMA
[GPU[1].DMA]	Received MemCopyH2DReq
[CP 1]	Received MemCopyH2DReq
		Send request to DMA
[GPU[1].DMA]	Received MemCopyH2DReq
[CP 1]	Received MemCopyH2DReq
		Send request to DMA
[GPU[1].DMA]	Received MemCopyH2DReq
[CP 1]	Received MemCopyH2DReq
		Send request to DMA
[GPU[1].DMA]	Received MemCopyH2DReq
[CP 1]	Received MemCopyH2DReq
		Send request to DMA
[GPU[1].DMA]	Received MemCopyH2DReq
[CP 1]	Received MemCopyH2DReq
		Send request to DMA
[GPU[1].DMA]	Received MemCopyH2DReq
[CP 1]	Received MemCopyH2DReq
		Send request to DMA
[GPU[1].DMA]	Received MemCopyH2DReq
[CP 1]	Received MemCopyH2DReq
		Send request to DMA
[GPU[1].DMA]	Received MemCopyH2DReq
[CP 1]	Received MemCopyH2DReq
		Send request to DMA
[GPU[1].DMA]	Received MemCopyH2DReq
[CP 1]	Received MemCopyH2DReq
		Send request to DMA
[GPU[1].DMA]	Received MemCopyH2DReq
[CP 1]	Received MemCopyH2DReq
		Send request to DMA
[GPU[1].DMA]	Received MemCopyH2DReq
[CP 1]	Received MemCopyH2DReq
		Send request to DMA
[GPU[1].DMA]	Received MemCopyH2DReq
[CP 1]	Received MemCopyH2DReq
		Send request to DMA
[GPU[1].DMA]	Received MemCopyH2DReq
[CP 1]	Received MemCopyH2DReq
		Send request to DMA
[GPU[1].DMA]	Received MemCopyH2DReq
[CP 1]	Received MemCopyH2DReq
		Send request to DMA
[GPU[1].DMA]	Received MemCopyH2DReq
[CP 1]	Received MemCopyH2DReq
		Send request to DMA
[GPU[1].DMA]	Received MemCopyH2DReq
[CP 1]	Received MemCopyH2DReq
		Send request to DMA
[GPU[1].DMA]	Received MemCopyH2DReq
[CP 1]	Received MemCopyH2DReq
		Send request to DMA
[GPU[1].DMA]	Received MemCopyH2DReq
[CP 1]	Received MemCopyH2DReq
		Send request to DMA
[GPU[1].DMA]	Received MemCopyH2DReq
[CP 1]	Received MemCopyH2DReq
		Send request to DMA
[GPU[1].DMA]	Received MemCopyH2DReq
[CP 1]	Received MemCopyH2DReq
		Send request to DMA
[GPU[1].DMA]	Received MemCopyH2DReq
[CP 1]	Received MemCopyH2DReq
		Send request to DMA
[GPU[1].DMA]	Received MemCopyH2DReq
[CP 1]	Received MemCopyH2DReq
		Send request to DMA
[GPU[1].DMA]	Received MemCopyH2DReq
[CP 1]	Received MemCopyH2DReq
		Send request to DMA
[GPU[1].DMA]	Received MemCopyH2DReq
[CP 1]	Received MemCopyH2DReq
		Send request to DMA
[GPU[1].DMA]	Received MemCopyH2DReq
[CP 1]	Received MemCopyH2DReq
		Send request to DMA
[GPU[1].DMA]	Received MemCopyH2DReq
[CP 1]	Received MemCopyH2DReq
		Send request to DMA
[GPU[1].DMA]	Received MemCopyH2DReq
[CP 1]	Received MemCopyH2DReq
		Send request to DMA
[GPU[1].DMA]	Received MemCopyH2DReq
[CP 1]	Received MemCopyH2DReq
		Send request to DMA
[GPU[1].DMA]	Received MemCopyH2DReq
[CP 1]	Received MemCopyH2DReq
		Send request to DMA
[GPU[1].DMA]	Received MemCopyH2DReq
[CP 1]	Received MemCopyH2DReq
		Send request to DMA
[GPU[1].DMA]	Received MemCopyH2DReq
[CP 1]	Received MemCopyH2DReq
		Send request to DMA
[GPU[1].DMA]	Received MemCopyH2DReq
[CP 1]	Received MemCopyH2DReq
		Send request to DMA
[GPU[1].DMA]	Received MemCopyH2DReq
[CP 1]	Received MemCopyH2DReq
		Send request to DMA
[GPU[1].DMA]	Received MemCopyH2DReq
[CP 1]	Received MemCopyH2DReq
		Send request to DMA
[GPU[1].DMA]	Received MemCopyH2DReq
[CP 1]	Received MemCopyH2DReq
		Send request to DMA
[GPU[1].DMA]	Received MemCopyH2DReq
[CP 1]	Received MemCopyH2DReq
		Send request to DMA
[GPU[1].DMA]	Received MemCopyH2DReq
[CP 1]	Received MemCopyH2DReq
		Send request to DMA
[GPU[1].DMA]	Received MemCopyH2DReq
[CP 1]	Received MemCopyH2DReq
		Send request to DMA
[GPU[1].DMA]	Received MemCopyH2DReq
[CP 1]	Received MemCopyH2DReq
		Send request to DMA
[GPU[1].DMA]	Received MemCopyH2DReq
[CP 1]	Received MemCopyH2DReq
		Send request to DMA
[GPU[1].DMA]	Received MemCopyH2DReq
[CP 1]	Received MemCopyH2DReq
		Send request to DMA
[GPU[1].DMA]	Received MemCopyH2DReq
[CP 1]	Received MemCopyH2DReq
		Send request to DMA
[GPU[1].DMA]	Received MemCopyH2DReq
[CP 1]	Received MemCopyH2DReq
		Send request to DMA
[GPU[1].DMA]	Received MemCopyH2DReq
[CP 1]	Received MemCopyH2DReq
		Send request to DMA
[GPU[1].DMA]	Received MemCopyH2DReq
[CP 1]	Received MemCopyH2DReq
		Send request to DMA
[GPU[1].DMA]	Received MemCopyH2DReq
[CP 1]	Received MemCopyH2DReq
		Send request to DMA
[GPU[1].DMA]	Received MemCopyH2DReq
[CP 1]	Received MemCopyH2DReq
		Send request to DMA
[GPU[1].DMA]	Received MemCopyH2DReq
[CP 1]	Received MemCopyH2DReq
		Send request to DMA
[GPU[1].DMA]	Received MemCopyH2DReq
[CP 1]	Received MemCopyH2DReq
		Send request to DMA
[GPU[1].DMA]	Received MemCopyH2DReq
[CP 1]	Received MemCopyH2DReq
		Send request to DMA
[GPU[1].DMA]	Received MemCopyH2DReq
[CP 1]	Received MemCopyH2DReq
		Send request to DMA
[GPU[1].DMA]	Received MemCopyH2DReq
[CP 1]	Received MemCopyH2DReq
		Send request to DMA
[GPU[1].DMA]	Received MemCopyH2DReq
[CP 1]	Received MemCopyH2DReq
		Send request to DMA
[GPU[1].DMA]	Received MemCopyH2DReq
[CP 1]	Received MemCopyH2DReq
		Send request to DMA
[GPU[1].DMA]	Received MemCopyH2DReq
[CP 1]	Received MemCopyH2DReq
		Send request to DMA
[GPU[1].DMA]	Received MemCopyH2DReq
[CP 1]	Received MemCopyH2DReq
		Send request to DMA
[GPU[1].DMA]	Received MemCopyH2DReq
[CP 1]	Received MemCopyH2DReq
		Send request to DMA
[GPU[1].DMA]	Received MemCopyH2DReq
[CP 2]	Received MemCopyH2DReq
		Send request to DMA
[GPU[2].DMA]	Received MemCopyH2DReq
[CP 2]	Received MemCopyH2DReq
		Send request to DMA
[GPU[2].DMA]	Received MemCopyH2DReq
[CP 2]	Received MemCopyH2DReq
		Send request to DMA
[GPU[2].DMA]	Received MemCopyH2DReq
[CP 2]	Received MemCopyH2DReq
		Send request to DMA
[GPU[2].DMA]	Received MemCopyH2DReq
[CP 2]	Received MemCopyH2DReq
		Send request to DMA
[GPU[2].DMA]	Received MemCopyH2DReq
[CP 2]	Received MemCopyH2DReq
		Send request to DMA
[GPU[2].DMA]	Received MemCopyH2DReq
[CP 2]	Received MemCopyH2DReq
		Send request to DMA
[GPU[2].DMA]	Received MemCopyH2DReq
[CP 2]	Received MemCopyH2DReq
		Send request to DMA
[GPU[2].DMA]	Received MemCopyH2DReq
[CP 2]	Received MemCopyH2DReq
		Send request to DMA
[GPU[2].DMA]	Received MemCopyH2DReq
[CP 2]	Received MemCopyH2DReq
		Send request to DMA
[GPU[2].DMA]	Received MemCopyH2DReq
[CP 2]	Received MemCopyH2DReq
		Send request to DMA
[GPU[2].DMA]	Received MemCopyH2DReq
[CP 2]	Received MemCopyH2DReq
		Send request to DMA
[GPU[2].DMA]	Received MemCopyH2DReq
[CP 2]	Received MemCopyH2DReq
		Send request to DMA
[GPU[2].DMA]	Received MemCopyH2DReq
[CP 2]	Received MemCopyH2DReq
		Send request to DMA
[GPU[2].DMA]	Received MemCopyH2DReq
[CP 2]	Received MemCopyH2DReq
		Send request to DMA
[GPU[2].DMA]	Received MemCopyH2DReq
[CP 2]	Received MemCopyH2DReq
		Send request to DMA
[GPU[2].DMA]	Received MemCopyH2DReq
[CP 2]	Received MemCopyH2DReq
		Send request to DMA
[GPU[2].DMA]	Received MemCopyH2DReq
[CP 2]	Received MemCopyH2DReq
		Send request to DMA
[GPU[2].DMA]	Received MemCopyH2DReq
[CP 2]	Received MemCopyH2DReq
		Send request to DMA
[GPU[2].DMA]	Received MemCopyH2DReq
[CP 2]	Received MemCopyH2DReq
		Send request to DMA
[GPU[2].DMA]	Received MemCopyH2DReq
[CP 2]	Received MemCopyH2DReq
		Send request to DMA
[GPU[2].DMA]	Received MemCopyH2DReq
[CP 2]	Received MemCopyH2DReq
		Send request to DMA
[GPU[2].DMA]	Received MemCopyH2DReq
[CP 2]	Received MemCopyH2DReq
		Send request to DMA
[GPU[2].DMA]	Received MemCopyH2DReq
[CP 2]	Received MemCopyH2DReq
		Send request to DMA
[GPU[2].DMA]	Received MemCopyH2DReq
[CP 2]	Received MemCopyH2DReq
		Send request to DMA
[GPU[2].DMA]	Received MemCopyH2DReq
[CP 2]	Received MemCopyH2DReq
		Send request to DMA
[GPU[2].DMA]	Received MemCopyH2DReq
[CP 2]	Received MemCopyH2DReq
		Send request to DMA
[GPU[2].DMA]	Received MemCopyH2DReq
[CP 2]	Received MemCopyH2DReq
		Send request to DMA
[GPU[2].DMA]	Received MemCopyH2DReq
[CP 2]	Received MemCopyH2DReq
		Send request to DMA
[GPU[2].DMA]	Received MemCopyH2DReq
[CP 2]	Received MemCopyH2DReq
		Send request to DMA
[GPU[2].DMA]	Received MemCopyH2DReq
[CP 2]	Received MemCopyH2DReq
		Send request to DMA
[GPU[2].DMA]	Received MemCopyH2DReq
[CP 2]	Received MemCopyH2DReq
		Send request to DMA
[GPU[2].DMA]	Received MemCopyH2DReq
[CP 2]	Received MemCopyH2DReq
		Send request to DMA
[GPU[2].DMA]	Received MemCopyH2DReq
[CP 2]	Received MemCopyH2DReq
		Send request to DMA
[GPU[2].DMA]	Received MemCopyH2DReq
[CP 2]	Received MemCopyH2DReq
		Send request to DMA
[GPU[2].DMA]	Received MemCopyH2DReq
[CP 2]	Received MemCopyH2DReq
		Send request to DMA
[GPU[2].DMA]	Received MemCopyH2DReq
[CP 2]	Received MemCopyH2DReq
		Send request to DMA
[GPU[2].DMA]	Received MemCopyH2DReq
[CP 2]	Received MemCopyH2DReq
		Send request to DMA
[GPU[2].DMA]	Received MemCopyH2DReq
[CP 2]	Received MemCopyH2DReq
		Send request to DMA
[GPU[2].DMA]	Received MemCopyH2DReq
[CP 2]	Received MemCopyH2DReq
		Send request to DMA
[GPU[2].DMA]	Received MemCopyH2DReq
[CP 2]	Received MemCopyH2DReq
		Send request to DMA
[GPU[2].DMA]	Received MemCopyH2DReq
[CP 2]	Received MemCopyH2DReq
		Send request to DMA
[GPU[2].DMA]	Received MemCopyH2DReq
[CP 2]	Received MemCopyH2DReq
		Send request to DMA
[GPU[2].DMA]	Received MemCopyH2DReq
[CP 2]	Received MemCopyH2DReq
		Send request to DMA
[GPU[2].DMA]	Received MemCopyH2DReq
[CP 2]	Received MemCopyH2DReq
		Send request to DMA
[GPU[2].DMA]	Received MemCopyH2DReq
[CP 2]	Received MemCopyH2DReq
		Send request to DMA
[GPU[2].DMA]	Received MemCopyH2DReq
[CP 2]	Received MemCopyH2DReq
		Send request to DMA
[GPU[2].DMA]	Received MemCopyH2DReq
[CP 2]	Received MemCopyH2DReq
		Send request to DMA
[GPU[2].DMA]	Received MemCopyH2DReq
[CP 2]	Received MemCopyH2DReq
		Send request to DMA
[GPU[2].DMA]	Received MemCopyH2DReq
[CP 2]	Received MemCopyH2DReq
		Send request to DMA
[GPU[2].DMA]	Received MemCopyH2DReq
[CP 2]	Received MemCopyH2DReq
		Send request to DMA
[GPU[2].DMA]	Received MemCopyH2DReq
[CP 2]	Received MemCopyH2DReq
		Send request to DMA
[GPU[2].DMA]	Received MemCopyH2DReq
[CP 2]	Received MemCopyH2DReq
		Send request to DMA
[GPU[2].DMA]	Received MemCopyH2DReq
[CP 2]	Received MemCopyH2DReq
		Send request to DMA
[GPU[2].DMA]	Received MemCopyH2DReq
[CP 2]	Received MemCopyH2DReq
		Send request to DMA
[GPU[2].DMA]	Received MemCopyH2DReq
[CP 2]	Received MemCopyH2DReq
		Send request to DMA
[GPU[2].DMA]	Received MemCopyH2DReq
[CP 2]	Received MemCopyH2DReq
		Send request to DMA
[GPU[2].DMA]	Received MemCopyH2DReq
[CP 2]	Received MemCopyH2DReq
		Send request to DMA
[GPU[2].DMA]	Received MemCopyH2DReq
[CP 2]	Received MemCopyH2DReq
		Send request to DMA
[GPU[2].DMA]	Received MemCopyH2DReq
[CP 2]	Received MemCopyH2DReq
		Send request to DMA
[GPU[2].DMA]	Received MemCopyH2DReq
[CP 2]	Received MemCopyH2DReq
		Send request to DMA
[GPU[2].DMA]	Received MemCopyH2DReq
[CP 2]	Received MemCopyH2DReq
		Send request to DMA
[GPU[2].DMA]	Received MemCopyH2DReq
[CP 2]	Received MemCopyH2DReq
		Send request to DMA
[GPU[2].DMA]	Received MemCopyH2DReq
[CP 2]	Received MemCopyH2DReq
		Send request to DMA
[GPU[2].DMA]	Received MemCopyH2DReq
[CP 3]	Received MemCopyH2DReq
		Send request to DMA
[GPU[3].DMA]	Received MemCopyH2DReq
[CP 3]	Received MemCopyH2DReq
		Send request to DMA
[GPU[3].DMA]	Received MemCopyH2DReq
[CP 3]	Received MemCopyH2DReq
		Send request to DMA
[GPU[3].DMA]	Received MemCopyH2DReq
[CP 3]	Received MemCopyH2DReq
		Send request to DMA
[GPU[3].DMA]	Received MemCopyH2DReq
[CP 3]	Received MemCopyH2DReq
		Send request to DMA
[GPU[3].DMA]	Received MemCopyH2DReq
[CP 3]	Received MemCopyH2DReq
		Send request to DMA
[GPU[3].DMA]	Received MemCopyH2DReq
[CP 3]	Received MemCopyH2DReq
		Send request to DMA
[GPU[3].DMA]	Received MemCopyH2DReq
[CP 3]	Received MemCopyH2DReq
		Send request to DMA
[GPU[3].DMA]	Received MemCopyH2DReq
[CP 3]	Received MemCopyH2DReq
		Send request to DMA
[GPU[3].DMA]	Received MemCopyH2DReq
[CP 3]	Received MemCopyH2DReq
		Send request to DMA
[GPU[3].DMA]	Received MemCopyH2DReq
[CP 3]	Received MemCopyH2DReq
		Send request to DMA
[GPU[3].DMA]	Received MemCopyH2DReq
[CP 3]	Received MemCopyH2DReq
		Send request to DMA
[GPU[3].DMA]	Received MemCopyH2DReq
[CP 3]	Received MemCopyH2DReq
		Send request to DMA
[GPU[3].DMA]	Received MemCopyH2DReq
[CP 3]	Received MemCopyH2DReq
		Send request to DMA
[GPU[3].DMA]	Received MemCopyH2DReq
[CP 3]	Received MemCopyH2DReq
		Send request to DMA
[GPU[3].DMA]	Received MemCopyH2DReq
[CP 3]	Received MemCopyH2DReq
		Send request to DMA
[GPU[3].DMA]	Received MemCopyH2DReq
[CP 3]	Received MemCopyH2DReq
		Send request to DMA
[GPU[3].DMA]	Received MemCopyH2DReq
[CP 3]	Received MemCopyH2DReq
		Send request to DMA
[GPU[3].DMA]	Received MemCopyH2DReq
[CP 3]	Received MemCopyH2DReq
		Send request to DMA
[GPU[3].DMA]	Received MemCopyH2DReq
[CP 3]	Received MemCopyH2DReq
		Send request to DMA
[GPU[3].DMA]	Received MemCopyH2DReq
[CP 3]	Received MemCopyH2DReq
		Send request to DMA
[GPU[3].DMA]	Received MemCopyH2DReq
[CP 3]	Received MemCopyH2DReq
		Send request to DMA
[GPU[3].DMA]	Received MemCopyH2DReq
[CP 3]	Received MemCopyH2DReq
		Send request to DMA
[GPU[3].DMA]	Received MemCopyH2DReq
[CP 3]	Received MemCopyH2DReq
		Send request to DMA
[GPU[3].DMA]	Received MemCopyH2DReq
[CP 3]	Received MemCopyH2DReq
		Send request to DMA
[GPU[3].DMA]	Received MemCopyH2DReq
[CP 3]	Received MemCopyH2DReq
		Send request to DMA
[GPU[3].DMA]	Received MemCopyH2DReq
[CP 3]	Received MemCopyH2DReq
		Send request to DMA
[GPU[3].DMA]	Received MemCopyH2DReq
[CP 3]	Received MemCopyH2DReq
		Send request to DMA
[GPU[3].DMA]	Received MemCopyH2DReq
[CP 3]	Received MemCopyH2DReq
		Send request to DMA
[GPU[3].DMA]	Received MemCopyH2DReq
[CP 3]	Received MemCopyH2DReq
		Send request to DMA
[GPU[3].DMA]	Received MemCopyH2DReq
[CP 3]	Received MemCopyH2DReq
		Send request to DMA
[GPU[3].DMA]	Received MemCopyH2DReq
[CP 3]	Received MemCopyH2DReq
		Send request to DMA
[GPU[3].DMA]	Received MemCopyH2DReq
[CP 3]	Received MemCopyH2DReq
		Send request to DMA
[GPU[3].DMA]	Received MemCopyH2DReq
[CP 3]	Received MemCopyH2DReq
		Send request to DMA
[GPU[3].DMA]	Received MemCopyH2DReq
[CP 3]	Received MemCopyH2DReq
		Send request to DMA
[GPU[3].DMA]	Received MemCopyH2DReq
[CP 3]	Received MemCopyH2DReq
		Send request to DMA
[GPU[3].DMA]	Received MemCopyH2DReq
[CP 3]	Received MemCopyH2DReq
		Send request to DMA
[GPU[3].DMA]	Received MemCopyH2DReq
[CP 3]	Received MemCopyH2DReq
		Send request to DMA
[GPU[3].DMA]	Received MemCopyH2DReq
[CP 3]	Received MemCopyH2DReq
		Send request to DMA
[GPU[3].DMA]	Received MemCopyH2DReq
[CP 3]	Received MemCopyH2DReq
		Send request to DMA
[GPU[3].DMA]	Received MemCopyH2DReq
[CP 3]	Received MemCopyH2DReq
		Send request to DMA
[GPU[3].DMA]	Received MemCopyH2DReq
[CP 3]	Received MemCopyH2DReq
		Send request to DMA
[GPU[3].DMA]	Received MemCopyH2DReq
[CP 3]	Received MemCopyH2DReq
		Send request to DMA
[GPU[3].DMA]	Received MemCopyH2DReq
[CP 3]	Received MemCopyH2DReq
		Send request to DMA
[GPU[3].DMA]	Received MemCopyH2DReq
[CP 3]	Received MemCopyH2DReq
		Send request to DMA
[GPU[3].DMA]	Received MemCopyH2DReq
[CP 3]	Received MemCopyH2DReq
		Send request to DMA
[GPU[3].DMA]	Received MemCopyH2DReq
[CP 3]	Received MemCopyH2DReq
		Send request to DMA
[GPU[3].DMA]	Received MemCopyH2DReq
[CP 3]	Received MemCopyH2DReq
		Send request to DMA
[GPU[3].DMA]	Received MemCopyH2DReq
[CP 3]	Received MemCopyH2DReq
		Send request to DMA
[GPU[3].DMA]	Received MemCopyH2DReq
[CP 3]	Received MemCopyH2DReq
		Send request to DMA
[GPU[3].DMA]	Received MemCopyH2DReq
[CP 3]	Received MemCopyH2DReq
		Send request to DMA
[GPU[3].DMA]	Received MemCopyH2DReq
[CP 3]	Received MemCopyH2DReq
		Send request to DMA
[GPU[3].DMA]	Received MemCopyH2DReq
[CP 3]	Received MemCopyH2DReq
		Send request to DMA
[GPU[3].DMA]	Received MemCopyH2DReq
[CP 3]	Received MemCopyH2DReq
		Send request to DMA
[GPU[3].DMA]	Received MemCopyH2DReq
[CP 3]	Received MemCopyH2DReq
		Send request to DMA
[GPU[3].DMA]	Received MemCopyH2DReq
[CP 3]	Received MemCopyH2DReq
		Send request to DMA
[GPU[3].DMA]	Received MemCopyH2DReq
[CP 3]	Received MemCopyH2DReq
		Send request to DMA
[GPU[3].DMA]	Received MemCopyH2DReq
[CP 3]	Received MemCopyH2DReq
		Send request to DMA
[GPU[3].DMA]	Received MemCopyH2DReq
[CP 3]	Received MemCopyH2DReq
		Send request to DMA
[GPU[3].DMA]	Received MemCopyH2DReq
[CP 3]	Received MemCopyH2DReq
		Send request to DMA
[GPU[3].DMA]	Received MemCopyH2DReq
[CP 3]	Received MemCopyH2DReq
		Send request to DMA
[GPU[3].DMA]	Received MemCopyH2DReq
[CP 3]	Received MemCopyH2DReq
		Send request to DMA
[GPU[3].DMA]	Received MemCopyH2DReq
[CP 3]	Received MemCopyH2DReq
		Send request to DMA
[GPU[3].DMA]	Received MemCopyH2DReq
[CP 3]	Received MemCopyH2DReq
		Send request to DMA
[GPU[3].DMA]	Received MemCopyH2DReq
[CP 4]	Received MemCopyH2DReq
		Send request to DMA
[GPU[4].DMA]	Received MemCopyH2DReq
[CP 4]	Received MemCopyH2DReq
		Send request to DMA
[GPU[4].DMA]	Received MemCopyH2DReq
[CP 4]	Received MemCopyH2DReq
		Send request to DMA
[GPU[4].DMA]	Received MemCopyH2DReq
[CP 4]	Received MemCopyH2DReq
		Send request to DMA
[GPU[4].DMA]	Received MemCopyH2DReq
[CP 4]	Received MemCopyH2DReq
		Send request to DMA
[GPU[4].DMA]	Received MemCopyH2DReq
[CP 4]	Received MemCopyH2DReq
		Send request to DMA
[GPU[4].DMA]	Received MemCopyH2DReq
[CP 4]	Received MemCopyH2DReq
		Send request to DMA
[GPU[4].DMA]	Received MemCopyH2DReq
[CP 4]	Received MemCopyH2DReq
		Send request to DMA
[GPU[4].DMA]	Received MemCopyH2DReq
[CP 4]	Received MemCopyH2DReq
		Send request to DMA
[GPU[4].DMA]	Received MemCopyH2DReq
[CP 4]	Received MemCopyH2DReq
		Send request to DMA
[GPU[4].DMA]	Received MemCopyH2DReq
[CP 4]	Received MemCopyH2DReq
		Send request to DMA
[GPU[4].DMA]	Received MemCopyH2DReq
[CP 4]	Received MemCopyH2DReq
		Send request to DMA
[GPU[4].DMA]	Received MemCopyH2DReq
[CP 4]	Received MemCopyH2DReq
		Send request to DMA
[GPU[4].DMA]	Received MemCopyH2DReq
[CP 4]	Received MemCopyH2DReq
		Send request to DMA
[GPU[4].DMA]	Received MemCopyH2DReq
[CP 4]	Received MemCopyH2DReq
		Send request to DMA
[GPU[4].DMA]	Received MemCopyH2DReq
[CP 4]	Received MemCopyH2DReq
		Send request to DMA
[GPU[4].DMA]	Received MemCopyH2DReq
[CP 4]	Received MemCopyH2DReq
		Send request to DMA
[GPU[4].DMA]	Received MemCopyH2DReq
[CP 4]	Received MemCopyH2DReq
		Send request to DMA
[GPU[4].DMA]	Received MemCopyH2DReq
[CP 4]	Received MemCopyH2DReq
		Send request to DMA
[GPU[4].DMA]	Received MemCopyH2DReq
[CP 4]	Received MemCopyH2DReq
		Send request to DMA
[GPU[4].DMA]	Received MemCopyH2DReq
[CP 4]	Received MemCopyH2DReq
		Send request to DMA
[GPU[4].DMA]	Received MemCopyH2DReq
[CP 4]	Received MemCopyH2DReq
		Send request to DMA
[GPU[4].DMA]	Received MemCopyH2DReq
[CP 4]	Received MemCopyH2DReq
		Send request to DMA
[GPU[4].DMA]	Received MemCopyH2DReq
[CP 4]	Received MemCopyH2DReq
		Send request to DMA
[GPU[4].DMA]	Received MemCopyH2DReq
[CP 4]	Received MemCopyH2DReq
		Send request to DMA
[GPU[4].DMA]	Received MemCopyH2DReq
[CP 4]	Received MemCopyH2DReq
		Send request to DMA
[GPU[4].DMA]	Received MemCopyH2DReq
[CP 4]	Received MemCopyH2DReq
		Send request to DMA
[GPU[4].DMA]	Received MemCopyH2DReq
[CP 4]	Received MemCopyH2DReq
		Send request to DMA
[GPU[4].DMA]	Received MemCopyH2DReq
[CP 4]	Received MemCopyH2DReq
		Send request to DMA
[GPU[4].DMA]	Received MemCopyH2DReq
[CP 4]	Received MemCopyH2DReq
		Send request to DMA
[GPU[4].DMA]	Received MemCopyH2DReq
[CP 4]	Received MemCopyH2DReq
		Send request to DMA
[GPU[4].DMA]	Received MemCopyH2DReq
[CP 4]	Received MemCopyH2DReq
		Send request to DMA
[GPU[4].DMA]	Received MemCopyH2DReq
[CP 4]	Received MemCopyH2DReq
		Send request to DMA
[GPU[4].DMA]	Received MemCopyH2DReq
[CP 4]	Received MemCopyH2DReq
		Send request to DMA
[GPU[4].DMA]	Received MemCopyH2DReq
[CP 4]	Received MemCopyH2DReq
		Send request to DMA
[GPU[4].DMA]	Received MemCopyH2DReq
[CP 4]	Received MemCopyH2DReq
		Send request to DMA
[GPU[4].DMA]	Received MemCopyH2DReq
[CP 4]	Received MemCopyH2DReq
		Send request to DMA
[GPU[4].DMA]	Received MemCopyH2DReq
[CP 4]	Received MemCopyH2DReq
		Send request to DMA
[GPU[4].DMA]	Received MemCopyH2DReq
[CP 4]	Received MemCopyH2DReq
		Send request to DMA
[GPU[4].DMA]	Received MemCopyH2DReq
[CP 4]	Received MemCopyH2DReq
		Send request to DMA
[GPU[4].DMA]	Received MemCopyH2DReq
[CP 4]	Received MemCopyH2DReq
		Send request to DMA
[GPU[4].DMA]	Received MemCopyH2DReq
[CP 4]	Received MemCopyH2DReq
		Send request to DMA
[GPU[4].DMA]	Received MemCopyH2DReq
[CP 4]	Received MemCopyH2DReq
		Send request to DMA
[GPU[4].DMA]	Received MemCopyH2DReq
[CP 4]	Received MemCopyH2DReq
		Send request to DMA
[GPU[4].DMA]	Received MemCopyH2DReq
[CP 4]	Received MemCopyH2DReq
		Send request to DMA
[GPU[4].DMA]	Received MemCopyH2DReq
[CP 4]	Received MemCopyH2DReq
		Send request to DMA
[GPU[4].DMA]	Received MemCopyH2DReq
[CP 4]	Received MemCopyH2DReq
		Send request to DMA
[GPU[4].DMA]	Received MemCopyH2DReq
[CP 4]	Received MemCopyH2DReq
		Send request to DMA
[GPU[4].DMA]	Received MemCopyH2DReq
[CP 4]	Received MemCopyH2DReq
		Send request to DMA
[GPU[4].DMA]	Received MemCopyH2DReq
[CP 4]	Received MemCopyH2DReq
		Send request to DMA
[GPU[4].DMA]	Received MemCopyH2DReq
[CP 4]	Received MemCopyH2DReq
		Send request to DMA
[GPU[4].DMA]	Received MemCopyH2DReq
[CP 4]	Received MemCopyH2DReq
		Send request to DMA
[GPU[4].DMA]	Received MemCopyH2DReq
[CP 4]	Received MemCopyH2DReq
		Send request to DMA
[GPU[4].DMA]	Received MemCopyH2DReq
[CP 4]	Received MemCopyH2DReq
		Send request to DMA
[GPU[4].DMA]	Received MemCopyH2DReq
[CP 4]	Received MemCopyH2DReq
		Send request to DMA
[GPU[4].DMA]	Received MemCopyH2DReq
[CP 4]	Received MemCopyH2DReq
		Send request to DMA
[GPU[4].DMA]	Received MemCopyH2DReq
[CP 4]	Received MemCopyH2DReq
		Send request to DMA
[GPU[4].DMA]	Received MemCopyH2DReq
[CP 4]	Received MemCopyH2DReq
		Send request to DMA
[GPU[4].DMA]	Received MemCopyH2DReq
[CP 4]	Received MemCopyH2DReq
		Send request to DMA
[GPU[4].DMA]	Received MemCopyH2DReq
[CP 4]	Received MemCopyH2DReq
		Send request to DMA
[GPU[4].DMA]	Received MemCopyH2DReq
[CP 4]	Received MemCopyH2DReq
		Send request to DMA
[GPU[4].DMA]	Received MemCopyH2DReq
[CP 4]	Received MemCopyH2DReq
		Send request to DMA
[GPU[4].DMA]	Received MemCopyH2DReq
[CP 4]	Received MemCopyH2DReq
		Send request to DMA
[GPU[4].DMA]	Received MemCopyH2DReq
[CP 4]	Received MemCopyH2DReq
		Send request to DMA
[GPU[4].DMA]	Received MemCopyH2DReq
[CP 4]	Received MemCopyH2DReq
		Send request to DMA
[GPU[4].DMA]	Received MemCopyH2DReq
[CP 4]	Received MemCopyH2DReq
		Send request to DMA
[CP 4]	Received MemCopyH2DReq
		Send request to DMA
[GPU[4].DMA]	Received MemCopyH2DReq
[GPU[4].DMA]	Received MemCopyH2DReq
[Warning]	No More Event: 0 0
[Driver DEBUF 5]	Engine stops running
[Driver DEBUF 1]	queue len: 1, 2ndQueue len: 0
[Driver DEBUF 3]	queue len: 1, 2ndQueue len: 0
[Driver DEBUF 4]	queue len: 1, 2ndQueue len: 0
[Driver] Processing MemCopyH2DCommand
[Driver.MemCpy]	Append awaitingReqs to requestsToSend
[CP 1]	Received MemCopyH2DReq
		Send request to DMA
[GPU[1].DMA]	Received MemCopyH2DReq
[CP 1]	Received MemCopyH2DReq
		Send request to DMA
[GPU[1].DMA]	Received MemCopyH2DReq
[CP 1]	Received MemCopyH2DReq
		Send request to DMA
[GPU[1].DMA]	Received MemCopyH2DReq
[CP 1]	Received MemCopyH2DReq
		Send request to DMA
[GPU[1].DMA]	Received MemCopyH2DReq
[CP 1]	Received MemCopyH2DReq
		Send request to DMA
[GPU[1].DMA]	Received MemCopyH2DReq
[CP 1]	Received MemCopyH2DReq
		Send request to DMA
[GPU[1].DMA]	Received MemCopyH2DReq
[CP 1]	Received MemCopyH2DReq
		Send request to DMA
[GPU[1].DMA]	Received MemCopyH2DReq
[CP 1]	Received MemCopyH2DReq
		Send request to DMA
[GPU[1].DMA]	Received MemCopyH2DReq
[CP 1]	Received MemCopyH2DReq
		Send request to DMA
[GPU[1].DMA]	Received MemCopyH2DReq
[CP 1]	Received MemCopyH2DReq
		Send request to DMA
[GPU[1].DMA]	Received MemCopyH2DReq
[CP 1]	Received MemCopyH2DReq
		Send request to DMA
[GPU[1].DMA]	Received MemCopyH2DReq
[CP 1]	Received MemCopyH2DReq
		Send request to DMA
[GPU[1].DMA]	Received MemCopyH2DReq
[CP 1]	Received MemCopyH2DReq
		Send request to DMA
[GPU[1].DMA]	Received MemCopyH2DReq
[CP 1]	Received MemCopyH2DReq
		Send request to DMA
[GPU[1].DMA]	Received MemCopyH2DReq
[CP 1]	Received MemCopyH2DReq
		Send request to DMA
[GPU[1].DMA]	Received MemCopyH2DReq
[CP 1]	Received MemCopyH2DReq
		Send request to DMA
[GPU[1].DMA]	Received MemCopyH2DReq
[CP 1]	Received MemCopyH2DReq
		Send request to DMA
[GPU[1].DMA]	Received MemCopyH2DReq
[CP 1]	Received MemCopyH2DReq
		Send request to DMA
[GPU[1].DMA]	Received MemCopyH2DReq
[CP 1]	Received MemCopyH2DReq
		Send request to DMA
[GPU[1].DMA]	Received MemCopyH2DReq
[CP 1]	Received MemCopyH2DReq
		Send request to DMA
[GPU[1].DMA]	Received MemCopyH2DReq
[CP 1]	Received MemCopyH2DReq
		Send request to DMA
[GPU[1].DMA]	Received MemCopyH2DReq
[CP 1]	Received MemCopyH2DReq
		Send request to DMA
[GPU[1].DMA]	Received MemCopyH2DReq
[CP 1]	Received MemCopyH2DReq
		Send request to DMA
[GPU[1].DMA]	Received MemCopyH2DReq
[CP 1]	Received MemCopyH2DReq
		Send request to DMA
[GPU[1].DMA]	Received MemCopyH2DReq
[CP 1]	Received MemCopyH2DReq
		Send request to DMA
[GPU[1].DMA]	Received MemCopyH2DReq
[CP 1]	Received MemCopyH2DReq
		Send request to DMA
[GPU[1].DMA]	Received MemCopyH2DReq
[CP 1]	Received MemCopyH2DReq
		Send request to DMA
[GPU[1].DMA]	Received MemCopyH2DReq
[CP 1]	Received MemCopyH2DReq
		Send request to DMA
[GPU[1].DMA]	Received MemCopyH2DReq
[CP 1]	Received MemCopyH2DReq
		Send request to DMA
[GPU[1].DMA]	Received MemCopyH2DReq
[CP 1]	Received MemCopyH2DReq
		Send request to DMA
[GPU[1].DMA]	Received MemCopyH2DReq
[CP 1]	Received MemCopyH2DReq
		Send request to DMA
[GPU[1].DMA]	Received MemCopyH2DReq
[CP 1]	Received MemCopyH2DReq
		Send request to DMA
[GPU[1].DMA]	Received MemCopyH2DReq
[CP 1]	Received MemCopyH2DReq
		Send request to DMA
[GPU[1].DMA]	Received MemCopyH2DReq
[CP 1]	Received MemCopyH2DReq
		Send request to DMA
[GPU[1].DMA]	Received MemCopyH2DReq
[CP 1]	Received MemCopyH2DReq
		Send request to DMA
[GPU[1].DMA]	Received MemCopyH2DReq
[CP 1]	Received MemCopyH2DReq
		Send request to DMA
[GPU[1].DMA]	Received MemCopyH2DReq
[CP 1]	Received MemCopyH2DReq
		Send request to DMA
[GPU[1].DMA]	Received MemCopyH2DReq
[CP 1]	Received MemCopyH2DReq
		Send request to DMA
[GPU[1].DMA]	Received MemCopyH2DReq
[CP 1]	Received MemCopyH2DReq
		Send request to DMA
[GPU[1].DMA]	Received MemCopyH2DReq
[CP 1]	Received MemCopyH2DReq
		Send request to DMA
[GPU[1].DMA]	Received MemCopyH2DReq
[CP 1]	Received MemCopyH2DReq
		Send request to DMA
[GPU[1].DMA]	Received MemCopyH2DReq
[CP 1]	Received MemCopyH2DReq
		Send request to DMA
[GPU[1].DMA]	Received MemCopyH2DReq
[CP 1]	Received MemCopyH2DReq
		Send request to DMA
[GPU[1].DMA]	Received MemCopyH2DReq
[CP 1]	Received MemCopyH2DReq
		Send request to DMA
[GPU[1].DMA]	Received MemCopyH2DReq
[CP 1]	Received MemCopyH2DReq
		Send request to DMA
[GPU[1].DMA]	Received MemCopyH2DReq
[CP 1]	Received MemCopyH2DReq
		Send request to DMA
[GPU[1].DMA]	Received MemCopyH2DReq
[CP 1]	Received MemCopyH2DReq
		Send request to DMA
[GPU[1].DMA]	Received MemCopyH2DReq
[CP 1]	Received MemCopyH2DReq
		Send request to DMA
[GPU[1].DMA]	Received MemCopyH2DReq
[CP 1]	Received MemCopyH2DReq
		Send request to DMA
[GPU[1].DMA]	Received MemCopyH2DReq
[CP 1]	Received MemCopyH2DReq
		Send request to DMA
[GPU[1].DMA]	Received MemCopyH2DReq
[CP 1]	Received MemCopyH2DReq
		Send request to DMA
[GPU[1].DMA]	Received MemCopyH2DReq
[CP 1]	Received MemCopyH2DReq
		Send request to DMA
[GPU[1].DMA]	Received MemCopyH2DReq
[CP 1]	Received MemCopyH2DReq
		Send request to DMA
[GPU[1].DMA]	Received MemCopyH2DReq
[CP 1]	Received MemCopyH2DReq
		Send request to DMA
[GPU[1].DMA]	Received MemCopyH2DReq
[CP 1]	Received MemCopyH2DReq
		Send request to DMA
[GPU[1].DMA]	Received MemCopyH2DReq
[CP 1]	Received MemCopyH2DReq
		Send request to DMA
[GPU[1].DMA]	Received MemCopyH2DReq
[CP 1]	Received MemCopyH2DReq
		Send request to DMA
[GPU[1].DMA]	Received MemCopyH2DReq
[CP 1]	Received MemCopyH2DReq
		Send request to DMA
[GPU[1].DMA]	Received MemCopyH2DReq
[CP 1]	Received MemCopyH2DReq
		Send request to DMA
[GPU[1].DMA]	Received MemCopyH2DReq
[CP 1]	Received MemCopyH2DReq
		Send request to DMA
[GPU[1].DMA]	Received MemCopyH2DReq
[CP 1]	Received MemCopyH2DReq
		Send request to DMA
[GPU[1].DMA]	Received MemCopyH2DReq
[CP 1]	Received MemCopyH2DReq
		Send request to DMA
[GPU[1].DMA]	Received MemCopyH2DReq
[CP 1]	Received MemCopyH2DReq
		Send request to DMA
[GPU[1].DMA]	Received MemCopyH2DReq
[CP 1]	Received MemCopyH2DReq
		Send request to DMA
[GPU[1].DMA]	Received MemCopyH2DReq
[CP 2]	Received MemCopyH2DReq
		Send request to DMA
[GPU[2].DMA]	Received MemCopyH2DReq
[CP 2]	Received MemCopyH2DReq
		Send request to DMA
[GPU[2].DMA]	Received MemCopyH2DReq
[CP 2]	Received MemCopyH2DReq
		Send request to DMA
[GPU[2].DMA]	Received MemCopyH2DReq
[CP 2]	Received MemCopyH2DReq
		Send request to DMA
[GPU[2].DMA]	Received MemCopyH2DReq
[CP 2]	Received MemCopyH2DReq
		Send request to DMA
[GPU[2].DMA]	Received MemCopyH2DReq
[CP 2]	Received MemCopyH2DReq
		Send request to DMA
[GPU[2].DMA]	Received MemCopyH2DReq
[CP 2]	Received MemCopyH2DReq
		Send request to DMA
[GPU[2].DMA]	Received MemCopyH2DReq
[CP 2]	Received MemCopyH2DReq
		Send request to DMA
[GPU[2].DMA]	Received MemCopyH2DReq
[CP 2]	Received MemCopyH2DReq
		Send request to DMA
[GPU[2].DMA]	Received MemCopyH2DReq
[CP 2]	Received MemCopyH2DReq
		Send request to DMA
[GPU[2].DMA]	Received MemCopyH2DReq
[CP 2]	Received MemCopyH2DReq
		Send request to DMA
[GPU[2].DMA]	Received MemCopyH2DReq
[CP 2]	Received MemCopyH2DReq
		Send request to DMA
[GPU[2].DMA]	Received MemCopyH2DReq
[CP 2]	Received MemCopyH2DReq
		Send request to DMA
[GPU[2].DMA]	Received MemCopyH2DReq
[CP 2]	Received MemCopyH2DReq
		Send request to DMA
[GPU[2].DMA]	Received MemCopyH2DReq
[CP 2]	Received MemCopyH2DReq
		Send request to DMA
[GPU[2].DMA]	Received MemCopyH2DReq
[CP 2]	Received MemCopyH2DReq
		Send request to DMA
[GPU[2].DMA]	Received MemCopyH2DReq
[CP 2]	Received MemCopyH2DReq
		Send request to DMA
[GPU[2].DMA]	Received MemCopyH2DReq
[CP 2]	Received MemCopyH2DReq
		Send request to DMA
[GPU[2].DMA]	Received MemCopyH2DReq
[CP 2]	Received MemCopyH2DReq
		Send request to DMA
[GPU[2].DMA]	Received MemCopyH2DReq
[CP 2]	Received MemCopyH2DReq
		Send request to DMA
[GPU[2].DMA]	Received MemCopyH2DReq
[CP 2]	Received MemCopyH2DReq
		Send request to DMA
[GPU[2].DMA]	Received MemCopyH2DReq
[CP 2]	Received MemCopyH2DReq
		Send request to DMA
[GPU[2].DMA]	Received MemCopyH2DReq
[CP 2]	Received MemCopyH2DReq
		Send request to DMA
[GPU[2].DMA]	Received MemCopyH2DReq
[CP 2]	Received MemCopyH2DReq
		Send request to DMA
[GPU[2].DMA]	Received MemCopyH2DReq
[CP 2]	Received MemCopyH2DReq
		Send request to DMA
[GPU[2].DMA]	Received MemCopyH2DReq
[CP 2]	Received MemCopyH2DReq
		Send request to DMA
[GPU[2].DMA]	Received MemCopyH2DReq
[CP 2]	Received MemCopyH2DReq
		Send request to DMA
[GPU[2].DMA]	Received MemCopyH2DReq
[CP 2]	Received MemCopyH2DReq
		Send request to DMA
[GPU[2].DMA]	Received MemCopyH2DReq
[CP 2]	Received MemCopyH2DReq
		Send request to DMA
[GPU[2].DMA]	Received MemCopyH2DReq
[CP 2]	Received MemCopyH2DReq
		Send request to DMA
[GPU[2].DMA]	Received MemCopyH2DReq
[CP 2]	Received MemCopyH2DReq
		Send request to DMA
[GPU[2].DMA]	Received MemCopyH2DReq
[CP 2]	Received MemCopyH2DReq
		Send request to DMA
[GPU[2].DMA]	Received MemCopyH2DReq
[CP 2]	Received MemCopyH2DReq
		Send request to DMA
[GPU[2].DMA]	Received MemCopyH2DReq
[CP 2]	Received MemCopyH2DReq
		Send request to DMA
[GPU[2].DMA]	Received MemCopyH2DReq
[CP 2]	Received MemCopyH2DReq
		Send request to DMA
[GPU[2].DMA]	Received MemCopyH2DReq
[CP 2]	Received MemCopyH2DReq
		Send request to DMA
[GPU[2].DMA]	Received MemCopyH2DReq
[CP 2]	Received MemCopyH2DReq
		Send request to DMA
[GPU[2].DMA]	Received MemCopyH2DReq
[CP 2]	Received MemCopyH2DReq
		Send request to DMA
[GPU[2].DMA]	Received MemCopyH2DReq
[CP 2]	Received MemCopyH2DReq
		Send request to DMA
[GPU[2].DMA]	Received MemCopyH2DReq
[CP 2]	Received MemCopyH2DReq
		Send request to DMA
[GPU[2].DMA]	Received MemCopyH2DReq
[CP 2]	Received MemCopyH2DReq
		Send request to DMA
[GPU[2].DMA]	Received MemCopyH2DReq
[CP 2]	Received MemCopyH2DReq
		Send request to DMA
[GPU[2].DMA]	Received MemCopyH2DReq
[CP 2]	Received MemCopyH2DReq
		Send request to DMA
[GPU[2].DMA]	Received MemCopyH2DReq
[CP 2]	Received MemCopyH2DReq
		Send request to DMA
[GPU[2].DMA]	Received MemCopyH2DReq
[CP 2]	Received MemCopyH2DReq
		Send request to DMA
[GPU[2].DMA]	Received MemCopyH2DReq
[CP 2]	Received MemCopyH2DReq
		Send request to DMA
[GPU[2].DMA]	Received MemCopyH2DReq
[CP 2]	Received MemCopyH2DReq
		Send request to DMA
[GPU[2].DMA]	Received MemCopyH2DReq
[CP 2]	Received MemCopyH2DReq
		Send request to DMA
[GPU[2].DMA]	Received MemCopyH2DReq
[CP 2]	Received MemCopyH2DReq
		Send request to DMA
[GPU[2].DMA]	Received MemCopyH2DReq
[CP 2]	Received MemCopyH2DReq
		Send request to DMA
[GPU[2].DMA]	Received MemCopyH2DReq
[CP 2]	Received MemCopyH2DReq
		Send request to DMA
[GPU[2].DMA]	Received MemCopyH2DReq
[CP 2]	Received MemCopyH2DReq
		Send request to DMA
[GPU[2].DMA]	Received MemCopyH2DReq
[CP 2]	Received MemCopyH2DReq
		Send request to DMA
[GPU[2].DMA]	Received MemCopyH2DReq
[CP 2]	Received MemCopyH2DReq
		Send request to DMA
[GPU[2].DMA]	Received MemCopyH2DReq
[CP 2]	Received MemCopyH2DReq
		Send request to DMA
[GPU[2].DMA]	Received MemCopyH2DReq
[CP 2]	Received MemCopyH2DReq
		Send request to DMA
[GPU[2].DMA]	Received MemCopyH2DReq
[CP 2]	Received MemCopyH2DReq
		Send request to DMA
[GPU[2].DMA]	Received MemCopyH2DReq
[CP 2]	Received MemCopyH2DReq
		Send request to DMA
[GPU[2].DMA]	Received MemCopyH2DReq
[CP 2]	Received MemCopyH2DReq
		Send request to DMA
[GPU[2].DMA]	Received MemCopyH2DReq
[CP 2]	Received MemCopyH2DReq
		Send request to DMA
[GPU[2].DMA]	Received MemCopyH2DReq
[CP 2]	Received MemCopyH2DReq
		Send request to DMA
[GPU[2].DMA]	Received MemCopyH2DReq
[CP 2]	Received MemCopyH2DReq
		Send request to DMA
[GPU[2].DMA]	Received MemCopyH2DReq
[CP 2]	Received MemCopyH2DReq
		Send request to DMA
[GPU[2].DMA]	Received MemCopyH2DReq
[CP 2]	Received MemCopyH2DReq
		Send request to DMA
[GPU[2].DMA]	Received MemCopyH2DReq
[CP 3]	Received MemCopyH2DReq
		Send request to DMA
[GPU[3].DMA]	Received MemCopyH2DReq
[CP 3]	Received MemCopyH2DReq
		Send request to DMA
[GPU[3].DMA]	Received MemCopyH2DReq
[CP 3]	Received MemCopyH2DReq
		Send request to DMA
[GPU[3].DMA]	Received MemCopyH2DReq
[CP 3]	Received MemCopyH2DReq
		Send request to DMA
[GPU[3].DMA]	Received MemCopyH2DReq
[CP 3]	Received MemCopyH2DReq
		Send request to DMA
[GPU[3].DMA]	Received MemCopyH2DReq
[CP 3]	Received MemCopyH2DReq
		Send request to DMA
[GPU[3].DMA]	Received MemCopyH2DReq
[CP 3]	Received MemCopyH2DReq
		Send request to DMA
[GPU[3].DMA]	Received MemCopyH2DReq
[CP 3]	Received MemCopyH2DReq
		Send request to DMA
[GPU[3].DMA]	Received MemCopyH2DReq
[CP 3]	Received MemCopyH2DReq
		Send request to DMA
[GPU[3].DMA]	Received MemCopyH2DReq
[CP 3]	Received MemCopyH2DReq
		Send request to DMA
[GPU[3].DMA]	Received MemCopyH2DReq
[CP 3]	Received MemCopyH2DReq
		Send request to DMA
[GPU[3].DMA]	Received MemCopyH2DReq
[CP 3]	Received MemCopyH2DReq
		Send request to DMA
[GPU[3].DMA]	Received MemCopyH2DReq
[CP 3]	Received MemCopyH2DReq
		Send request to DMA
[GPU[3].DMA]	Received MemCopyH2DReq
[CP 3]	Received MemCopyH2DReq
		Send request to DMA
[GPU[3].DMA]	Received MemCopyH2DReq
[CP 3]	Received MemCopyH2DReq
		Send request to DMA
[GPU[3].DMA]	Received MemCopyH2DReq
[CP 3]	Received MemCopyH2DReq
		Send request to DMA
[GPU[3].DMA]	Received MemCopyH2DReq
[CP 3]	Received MemCopyH2DReq
		Send request to DMA
[GPU[3].DMA]	Received MemCopyH2DReq
[CP 3]	Received MemCopyH2DReq
		Send request to DMA
[GPU[3].DMA]	Received MemCopyH2DReq
[CP 3]	Received MemCopyH2DReq
		Send request to DMA
[GPU[3].DMA]	Received MemCopyH2DReq
[CP 3]	Received MemCopyH2DReq
		Send request to DMA
[GPU[3].DMA]	Received MemCopyH2DReq
[CP 3]	Received MemCopyH2DReq
		Send request to DMA
[GPU[3].DMA]	Received MemCopyH2DReq
[CP 3]	Received MemCopyH2DReq
		Send request to DMA
[GPU[3].DMA]	Received MemCopyH2DReq
[CP 3]	Received MemCopyH2DReq
		Send request to DMA
[GPU[3].DMA]	Received MemCopyH2DReq
[CP 3]	Received MemCopyH2DReq
		Send request to DMA
[GPU[3].DMA]	Received MemCopyH2DReq
[CP 3]	Received MemCopyH2DReq
		Send request to DMA
[GPU[3].DMA]	Received MemCopyH2DReq
[CP 3]	Received MemCopyH2DReq
		Send request to DMA
[GPU[3].DMA]	Received MemCopyH2DReq
[CP 3]	Received MemCopyH2DReq
		Send request to DMA
[GPU[3].DMA]	Received MemCopyH2DReq
[CP 3]	Received MemCopyH2DReq
		Send request to DMA
[GPU[3].DMA]	Received MemCopyH2DReq
[CP 3]	Received MemCopyH2DReq
		Send request to DMA
[GPU[3].DMA]	Received MemCopyH2DReq
[CP 3]	Received MemCopyH2DReq
		Send request to DMA
[GPU[3].DMA]	Received MemCopyH2DReq
[CP 3]	Received MemCopyH2DReq
		Send request to DMA
[GPU[3].DMA]	Received MemCopyH2DReq
[CP 3]	Received MemCopyH2DReq
		Send request to DMA
[GPU[3].DMA]	Received MemCopyH2DReq
[CP 3]	Received MemCopyH2DReq
		Send request to DMA
[GPU[3].DMA]	Received MemCopyH2DReq
[CP 3]	Received MemCopyH2DReq
		Send request to DMA
[GPU[3].DMA]	Received MemCopyH2DReq
[CP 3]	Received MemCopyH2DReq
		Send request to DMA
[GPU[3].DMA]	Received MemCopyH2DReq
[CP 3]	Received MemCopyH2DReq
		Send request to DMA
[GPU[3].DMA]	Received MemCopyH2DReq
[CP 3]	Received MemCopyH2DReq
		Send request to DMA
[GPU[3].DMA]	Received MemCopyH2DReq
[CP 3]	Received MemCopyH2DReq
		Send request to DMA
[GPU[3].DMA]	Received MemCopyH2DReq
[CP 3]	Received MemCopyH2DReq
		Send request to DMA
[GPU[3].DMA]	Received MemCopyH2DReq
[CP 3]	Received MemCopyH2DReq
		Send request to DMA
[GPU[3].DMA]	Received MemCopyH2DReq
[CP 3]	Received MemCopyH2DReq
		Send request to DMA
[GPU[3].DMA]	Received MemCopyH2DReq
[CP 3]	Received MemCopyH2DReq
		Send request to DMA
[GPU[3].DMA]	Received MemCopyH2DReq
[CP 3]	Received MemCopyH2DReq
		Send request to DMA
[GPU[3].DMA]	Received MemCopyH2DReq
[CP 3]	Received MemCopyH2DReq
		Send request to DMA
[GPU[3].DMA]	Received MemCopyH2DReq
[CP 3]	Received MemCopyH2DReq
		Send request to DMA
[GPU[3].DMA]	Received MemCopyH2DReq
[CP 3]	Received MemCopyH2DReq
		Send request to DMA
[GPU[3].DMA]	Received MemCopyH2DReq
[CP 3]	Received MemCopyH2DReq
		Send request to DMA
[GPU[3].DMA]	Received MemCopyH2DReq
[CP 3]	Received MemCopyH2DReq
		Send request to DMA
[GPU[3].DMA]	Received MemCopyH2DReq
[CP 3]	Received MemCopyH2DReq
		Send request to DMA
[GPU[3].DMA]	Received MemCopyH2DReq
[CP 3]	Received MemCopyH2DReq
		Send request to DMA
[GPU[3].DMA]	Received MemCopyH2DReq
[CP 3]	Received MemCopyH2DReq
		Send request to DMA
[GPU[3].DMA]	Received MemCopyH2DReq
[CP 3]	Received MemCopyH2DReq
		Send request to DMA
[GPU[3].DMA]	Received MemCopyH2DReq
[CP 3]	Received MemCopyH2DReq
		Send request to DMA
[GPU[3].DMA]	Received MemCopyH2DReq
[CP 3]	Received MemCopyH2DReq
		Send request to DMA
[GPU[3].DMA]	Received MemCopyH2DReq
[CP 3]	Received MemCopyH2DReq
		Send request to DMA
[GPU[3].DMA]	Received MemCopyH2DReq
[CP 3]	Received MemCopyH2DReq
		Send request to DMA
[GPU[3].DMA]	Received MemCopyH2DReq
[CP 3]	Received MemCopyH2DReq
		Send request to DMA
[GPU[3].DMA]	Received MemCopyH2DReq
[CP 3]	Received MemCopyH2DReq
		Send request to DMA
[GPU[3].DMA]	Received MemCopyH2DReq
[CP 3]	Received MemCopyH2DReq
		Send request to DMA
[GPU[3].DMA]	Received MemCopyH2DReq
[CP 3]	Received MemCopyH2DReq
		Send request to DMA
[GPU[3].DMA]	Received MemCopyH2DReq
[CP 3]	Received MemCopyH2DReq
		Send request to DMA
[GPU[3].DMA]	Received MemCopyH2DReq
[CP 3]	Received MemCopyH2DReq
		Send request to DMA
[GPU[3].DMA]	Received MemCopyH2DReq
[CP 3]	Received MemCopyH2DReq
		Send request to DMA
[GPU[3].DMA]	Received MemCopyH2DReq
[CP 3]	Received MemCopyH2DReq
		Send request to DMA
[GPU[3].DMA]	Received MemCopyH2DReq
[CP 4]	Received MemCopyH2DReq
		Send request to DMA
[GPU[4].DMA]	Received MemCopyH2DReq
[CP 4]	Received MemCopyH2DReq
		Send request to DMA
[GPU[4].DMA]	Received MemCopyH2DReq
[CP 4]	Received MemCopyH2DReq
		Send request to DMA
[GPU[4].DMA]	Received MemCopyH2DReq
[CP 4]	Received MemCopyH2DReq
		Send request to DMA
[GPU[4].DMA]	Received MemCopyH2DReq
[CP 4]	Received MemCopyH2DReq
		Send request to DMA
[GPU[4].DMA]	Received MemCopyH2DReq
[CP 4]	Received MemCopyH2DReq
		Send request to DMA
[GPU[4].DMA]	Received MemCopyH2DReq
[CP 4]	Received MemCopyH2DReq
		Send request to DMA
[GPU[4].DMA]	Received MemCopyH2DReq
[CP 4]	Received MemCopyH2DReq
		Send request to DMA
[GPU[4].DMA]	Received MemCopyH2DReq
[CP 4]	Received MemCopyH2DReq
		Send request to DMA
[GPU[4].DMA]	Received MemCopyH2DReq
[CP 4]	Received MemCopyH2DReq
		Send request to DMA
[GPU[4].DMA]	Received MemCopyH2DReq
[CP 4]	Received MemCopyH2DReq
		Send request to DMA
[GPU[4].DMA]	Received MemCopyH2DReq
[CP 4]	Received MemCopyH2DReq
		Send request to DMA
[GPU[4].DMA]	Received MemCopyH2DReq
[CP 4]	Received MemCopyH2DReq
		Send request to DMA
[GPU[4].DMA]	Received MemCopyH2DReq
[CP 4]	Received MemCopyH2DReq
		Send request to DMA
[GPU[4].DMA]	Received MemCopyH2DReq
[CP 4]	Received MemCopyH2DReq
		Send request to DMA
[GPU[4].DMA]	Received MemCopyH2DReq
[CP 4]	Received MemCopyH2DReq
		Send request to DMA
[GPU[4].DMA]	Received MemCopyH2DReq
[CP 4]	Received MemCopyH2DReq
		Send request to DMA
[GPU[4].DMA]	Received MemCopyH2DReq
[CP 4]	Received MemCopyH2DReq
		Send request to DMA
[GPU[4].DMA]	Received MemCopyH2DReq
[CP 4]	Received MemCopyH2DReq
		Send request to DMA
[GPU[4].DMA]	Received MemCopyH2DReq
[CP 4]	Received MemCopyH2DReq
		Send request to DMA
[GPU[4].DMA]	Received MemCopyH2DReq
[CP 4]	Received MemCopyH2DReq
		Send request to DMA
[GPU[4].DMA]	Received MemCopyH2DReq
[CP 4]	Received MemCopyH2DReq
		Send request to DMA
[GPU[4].DMA]	Received MemCopyH2DReq
[CP 4]	Received MemCopyH2DReq
		Send request to DMA
[GPU[4].DMA]	Received MemCopyH2DReq
[CP 4]	Received MemCopyH2DReq
		Send request to DMA
[GPU[4].DMA]	Received MemCopyH2DReq
[CP 4]	Received MemCopyH2DReq
		Send request to DMA
[GPU[4].DMA]	Received MemCopyH2DReq
[CP 4]	Received MemCopyH2DReq
		Send request to DMA
[GPU[4].DMA]	Received MemCopyH2DReq
[CP 4]	Received MemCopyH2DReq
		Send request to DMA
[GPU[4].DMA]	Received MemCopyH2DReq
[CP 4]	Received MemCopyH2DReq
		Send request to DMA
[GPU[4].DMA]	Received MemCopyH2DReq
[CP 4]	Received MemCopyH2DReq
		Send request to DMA
[GPU[4].DMA]	Received MemCopyH2DReq
[CP 4]	Received MemCopyH2DReq
		Send request to DMA
[GPU[4].DMA]	Received MemCopyH2DReq
[CP 4]	Received MemCopyH2DReq
		Send request to DMA
[GPU[4].DMA]	Received MemCopyH2DReq
[CP 4]	Received MemCopyH2DReq
		Send request to DMA
[GPU[4].DMA]	Received MemCopyH2DReq
[CP 4]	Received MemCopyH2DReq
		Send request to DMA
[GPU[4].DMA]	Received MemCopyH2DReq
[CP 4]	Received MemCopyH2DReq
		Send request to DMA
[GPU[4].DMA]	Received MemCopyH2DReq
[CP 4]	Received MemCopyH2DReq
		Send request to DMA
[GPU[4].DMA]	Received MemCopyH2DReq
[CP 4]	Received MemCopyH2DReq
		Send request to DMA
[GPU[4].DMA]	Received MemCopyH2DReq
[CP 4]	Received MemCopyH2DReq
		Send request to DMA
[GPU[4].DMA]	Received MemCopyH2DReq
[CP 4]	Received MemCopyH2DReq
		Send request to DMA
[GPU[4].DMA]	Received MemCopyH2DReq
[CP 4]	Received MemCopyH2DReq
		Send request to DMA
[GPU[4].DMA]	Received MemCopyH2DReq
[CP 4]	Received MemCopyH2DReq
		Send request to DMA
[GPU[4].DMA]	Received MemCopyH2DReq
[CP 4]	Received MemCopyH2DReq
		Send request to DMA
[GPU[4].DMA]	Received MemCopyH2DReq
[CP 4]	Received MemCopyH2DReq
		Send request to DMA
[GPU[4].DMA]	Received MemCopyH2DReq
[CP 4]	Received MemCopyH2DReq
		Send request to DMA
[GPU[4].DMA]	Received MemCopyH2DReq
[CP 4]	Received MemCopyH2DReq
		Send request to DMA
[GPU[4].DMA]	Received MemCopyH2DReq
[CP 4]	Received MemCopyH2DReq
		Send request to DMA
[GPU[4].DMA]	Received MemCopyH2DReq
[CP 4]	Received MemCopyH2DReq
		Send request to DMA
[GPU[4].DMA]	Received MemCopyH2DReq
[CP 4]	Received MemCopyH2DReq
		Send request to DMA
[GPU[4].DMA]	Received MemCopyH2DReq
[CP 4]	Received MemCopyH2DReq
		Send request to DMA
[GPU[4].DMA]	Received MemCopyH2DReq
[CP 4]	Received MemCopyH2DReq
		Send request to DMA
[GPU[4].DMA]	Received MemCopyH2DReq
[CP 4]	Received MemCopyH2DReq
		Send request to DMA
[GPU[4].DMA]	Received MemCopyH2DReq
[CP 4]	Received MemCopyH2DReq
		Send request to DMA
[GPU[4].DMA]	Received MemCopyH2DReq
[CP 4]	Received MemCopyH2DReq
		Send request to DMA
[GPU[4].DMA]	Received MemCopyH2DReq
[CP 4]	Received MemCopyH2DReq
		Send request to DMA
[GPU[4].DMA]	Received MemCopyH2DReq
[CP 4]	Received MemCopyH2DReq
		Send request to DMA
[GPU[4].DMA]	Received MemCopyH2DReq
[CP 4]	Received MemCopyH2DReq
		Send request to DMA
[GPU[4].DMA]	Received MemCopyH2DReq
[CP 4]	Received MemCopyH2DReq
		Send request to DMA
[GPU[4].DMA]	Received MemCopyH2DReq
[CP 4]	Received MemCopyH2DReq
		Send request to DMA
[GPU[4].DMA]	Received MemCopyH2DReq
[CP 4]	Received MemCopyH2DReq
		Send request to DMA
[GPU[4].DMA]	Received MemCopyH2DReq
[CP 4]	Received MemCopyH2DReq
		Send request to DMA
[GPU[4].DMA]	Received MemCopyH2DReq
[CP 4]	Received MemCopyH2DReq
		Send request to DMA
[GPU[4].DMA]	Received MemCopyH2DReq
[CP 4]	Received MemCopyH2DReq
		Send request to DMA
[GPU[4].DMA]	Received MemCopyH2DReq
[CP 4]	Received MemCopyH2DReq
		Send request to DMA
[GPU[4].DMA]	Received MemCopyH2DReq
[CP 4]	Received MemCopyH2DReq
		Send request to DMA
[GPU[4].DMA]	Received MemCopyH2DReq
[CP 4]	Received MemCopyH2DReq
		Send request to DMA
[GPU[4].DMA]	Received MemCopyH2DReq
[Warning]	No More Event: 0 0
[Driver DEBUF 5]	Engine stops running
[MemoryAllocator]	768 Byte Request
			Allocating 1 pages for pid 1 on device 1
[MemoryAllocator]	96 Byte Request
			Allocating 1 pages for pid 1 on device 1
[MemoryAllocator]	64 Byte Request
			Allocating 1 pages for pid 1 on device 1
[MemoryAllocator]	768 Byte Request
			Allocating 1 pages for pid 1 on device 2
[MemoryAllocator]	96 Byte Request
			Allocating 1 pages for pid 1 on device 2
[MemoryAllocator]	64 Byte Request
			Allocating 1 pages for pid 1 on device 2
[MemoryAllocator]	768 Byte Request
			Allocating 1 pages for pid 1 on device 3
[MemoryAllocator]	96 Byte Request
			Allocating 1 pages for pid 1 on device 3
[MemoryAllocator]	64 Byte Request
			Allocating 1 pages for pid 1 on device 3
[MemoryAllocator]	768 Byte Request
			Allocating 1 pages for pid 1 on device 4
[MemoryAllocator]	96 Byte Request
			Allocating 1 pages for pid 1 on device 4
[MemoryAllocator]	64 Byte Request
			Allocating 1 pages for pid 1 on device 4
[Driver DEBUF 1]	queue len: 1, 2ndQueue len: 0
[Driver DEBUF 3]	queue len: 1, 2ndQueue len: 0
[Driver DEBUF 4]	queue len: 1, 2ndQueue len: 0
[Driver] Processing MemCopyH2DCommand
[Driver] Processing MemCopyH2DCommand
[Driver] Processing MemCopyH2DCommand
[Driver] Processing MemCopyH2DCommand
[Driver.MemCpy]	Append awaitingReqs to requestsToSend
[CP 1]	Received MemCopyH2DReq
		Send request to DMA
[GPU[1].DMA]	Received MemCopyH2DReq
[CP 2]	Received MemCopyH2DReq
		Send request to DMA
[GPU[2].DMA]	Received MemCopyH2DReq
[CP 3]	Received MemCopyH2DReq
		Send request to DMA
[GPU[3].DMA]	Received MemCopyH2DReq
[CP 4]	Received MemCopyH2DReq
		Send request to DMA
[GPU[4].DMA]	Received MemCopyH2DReq
[Driver] Processing MemCopyH2DCommand
[Driver] Processing MemCopyH2DCommand
[Driver] Processing MemCopyH2DCommand
[Driver] Processing MemCopyH2DCommand
[Driver.MemCpy]	Append awaitingReqs to requestsToSend
[CP 1]	Received MemCopyH2DReq
		Send request to DMA
[GPU[1].DMA]	Received MemCopyH2DReq
[CP 2]	Received MemCopyH2DReq
		Send request to DMA
[GPU[2].DMA]	Received MemCopyH2DReq
[CP 3]	Received MemCopyH2DReq
		Send request to DMA
[GPU[3].DMA]	Received MemCopyH2DReq
[CP 4]	Received MemCopyH2DReq
		Send request to DMA
[GPU[4].DMA]	Received MemCopyH2DReq
[Driver] Processing MemCopyH2DCommand
[Driver] Processing MemCopyH2DCommand
[Driver] Processing MemCopyH2DCommand
[Driver] Processing MemCopyH2DCommand
[Driver.MemCpy]	Append awaitingReqs to requestsToSend
[CP 1]	Received MemCopyH2DReq
		Send request to DMA
[GPU[1].DMA]	Received MemCopyH2DReq
[CP 2]	Received MemCopyH2DReq
		Send request to DMA
[GPU[2].DMA]	Received MemCopyH2DReq
[CP 3]	Received MemCopyH2DReq
		Send request to DMA
[GPU[3].DMA]	Received MemCopyH2DReq
[CP 4]	Received MemCopyH2DReq
		Send request to DMA
[GPU[4].DMA]	Received MemCopyH2DReq
[GPU[3].CohDir] [topparser]	Received read req - 0: addr 300004e80
[CohDir GPU[3].CohDir][DEBUG]	ReadReq received - 5: 300004e80
[GPU[3].CohDir] [topparser]	Received read req - 0: addr 300004e80
[CohDir GPU[3].CohDir][DEBUG]	ReadReq received - 5: 300004e80
2026/04/20 06:10:55 /root/mgpusim_home/mgpusim/amd/driver/driver.go:145: Panic: runtime error: negative shift amount
goroutine 85 [running]:
runtime/debug.Stack()
	/root/go/pkg/mod/golang.org/toolchain@v0.0.1-go1.25.0.linux-amd64/src/runtime/debug/stack.go:26 +0x5e
runtime/debug.PrintStack()
	/root/go/pkg/mod/golang.org/toolchain@v0.0.1-go1.25.0.linux-amd64/src/runtime/debug/stack.go:18 +0x13
github.com/sarchlab/mgpusim/v4/amd/driver.(*Driver).runEngine.func1()
	/root/mgpusim_home/mgpusim/amd/driver/driver.go:146 +0x9f
panic({0xd00d20?, 0x15d0360?})
	/root/go/pkg/mod/golang.org/toolchain@v0.0.1-go1.25.0.linux-amd64/src/runtime/panic.go:783 +0x132
github.com/sarchlab/akita/v4/mem/cache/optdirectory.(*Comp).recordAccessMask(0xc010760008, 0x200001300, {0xc00258ee80?, 0xcf13a0?})
	/root/mgpusim_home/akita/mem/cache/optdirectory/coherencedirectory.go:340 +0x185
github.com/sarchlab/akita/v4/mem/cache/optdirectory.(*bankStage).InsertNewEntry(0xc0108b9a80, 0xc060a1e300, {0x106c1a0, 0xc01075f090}, {0x106c1a0, 0xc01075eff0})
	/root/mgpusim_home/akita/mem/cache/optdirectory/bankstage.go:269 +0x1da
github.com/sarchlab/akita/v4/mem/cache/optdirectory.(*bankStage).finalizeTrans(0xc0108b9a80, 0x0)
	/root/mgpusim_home/akita/mem/cache/optdirectory/bankstage.go:230 +0x216
github.com/sarchlab/akita/v4/mem/cache/optdirectory.(*bankStage).Tick(0xc0108b9a80)
	/root/mgpusim_home/akita/mem/cache/optdirectory/bankstage.go:135 +0x3c
github.com/sarchlab/akita/v4/mem/cache/optdirectory.(*middleware).runPipeline(0xc01086afb8)
	/root/mgpusim_home/akita/mem/cache/optdirectory/coherencedirectory.go:181 +0x21d
github.com/sarchlab/akita/v4/mem/cache/optdirectory.(*middleware).Tick(0xc01086afb8)
	/root/mgpusim_home/akita/mem/cache/optdirectory/coherencedirectory.go:148 +0x55
github.com/sarchlab/akita/v4/sim.(*MiddlewareHolder).Tick(...)
	/root/mgpusim_home/akita/sim/middleware.go:29
github.com/sarchlab/akita/v4/mem/cache/optdirectory.(*Comp).Tick(0xc01087bf00?)
	/root/mgpusim_home/akita/mem/cache/optdirectory/coherencedirectory.go:127 +0x35
github.com/sarchlab/akita/v4/sim.(*TickingComponent).Handle(0xc0107563c0, {0x1062cb0?, 0xc000233600?})
	/root/mgpusim_home/akita/sim/ticker.go:149 +0x22
github.com/sarchlab/akita/v4/sim.(*SerialEngine).Run(0xc000233600)
	/root/mgpusim_home/akita/sim/serialengine.go:100 +0x325
github.com/sarchlab/mgpusim/v4/amd/driver.(*Driver).runEngine(0xc0002ca008)
	/root/mgpusim_home/mgpusim/amd/driver/driver.go:155 +0x1a2
created by github.com/sarchlab/mgpusim/v4/amd/driver.(*Driver).runAsync in goroutine 10
	/root/mgpusim_home/mgpusim/amd/driver/driver.go:134 +0x39b
exit status 1
